MapboxMapApp/app/build/intermediates/manifest_merge_blame_file/debug/processDebugMainManifest/manifest-merger-blame-debug-report.txt
1<?xml version="1.0" encoding="utf-8"?>
2<manifest xmlns:android="http://schemas.android.com/apk/res/android"
3    package="com.example.mapboxmapapp"
4    android:versionCode="1"
5    android:versionName="1.0" >
6
7    <uses-sdk
8        android:minSdkVersion="24"
9        android:targetSdkVersion="35" />
10
11    <uses-permission android:name="android.permission.ACCESS_NETWORK_STATE" />
11-->src\main\AndroidManifest.xml:5:5-79
11-->src\main\AndroidManifest.xml:5:22-76
12    <uses-permission android:name="android.permission.INTERNET" />
12-->src\main\AndroidManifest.xml:6:5-67
12-->src\main\AndroidManifest.xml:6:22-64
13    <uses-permission android:name="android.permission.ACCESS_COARSE_LOCATION" />
13-->src\main\AndroidManifest.xml:8:5-81
13-->src\main\AndroidManifest.xml:8:22-78
14    <uses-permission android:name="android.permission.ACCESS_FINE_LOCATION" />
14-->src\main\AndroidManifest.xml:10:5-79
14-->src\main\AndroidManifest.xml:10:22-76
15
16    <uses-feature
16-->[com.mapbox.maps:android-core:11.10.3] AndroidManifest.xml:8:5-10:35
17        android:glEsVersion="0x00030000"
17-->[com.mapbox.maps:android-core:11.10.3] AndroidManifest.xml:9:9-41
18        android:required="true" />
18-->[com.mapbox.maps:android-core:11.10.3] AndroidManifest.xml:10:9-32
19    <uses-feature
19-->[com.mapbox.maps:android-core:11.10.3] AndroidManifest.xml:11:5-13:36
20        android:name="android.hardware.wifi"
20-->[com.mapbox.maps:android-core:11.10.3] AndroidManifest.xml:12:9-45
21        android:required="false" />
21-->[com.mapbox.maps:android-core:11.10.3] AndroidManifest.xml:13:9-33
22
23    <uses-permission android:name="android.permission.ACCESS_WIFI_STATE" />
23-->[com.mapbox.maps:android-core:11.10.3] AndroidManifest.xml:17:5-76
23-->[com.mapbox.maps:android-core:11.10.3] AndroidManifest.xml:17:22-73
24
25    <permission
25-->[androidx.core:core:1.13.1] AndroidManifest.xml:22:5-24:47
26        android:name="com.example.mapboxmapapp.DYNAMIC_RECEIVER_NOT_EXPORTED_PERMISSION"
26-->[androidx.core:core:1.13.1] AndroidManifest.xml:23:9-81
27        android:protectionLevel="signature" />
27-->[androidx.core:core:1.13.1] AndroidManifest.xml:24:9-44
28
29    <uses-permission android:name="com.example.mapboxmapapp.DYNAMIC_RECEIVER_NOT_EXPORTED_PERMISSION" />
29-->[androidx.core:core:1.13.1] AndroidManifest.xml:26:5-97
29-->[androidx.core:core:1.13.1] AndroidManifest.xml:26:22-94
30
31    <application
31-->src\main\AndroidManifest.xml:11:5-33:19
32        android:allowBackup="true"
32-->src\main\AndroidManifest.xml:12:9-35
33        android:appComponentFactory="androidx.core.app.CoreComponentFactory"
33-->[androidx.core:core:1.13.1] AndroidManifest.xml:28:18-86
34        android:dataExtractionRules="@xml/data_extraction_rules"
34-->src\main\AndroidManifest.xml:13:9-65
35        android:debuggable="true"
36        android:extractNativeLibs="false"
37        android:fullBackupContent="@xml/backup_rules"
37-->src\main\AndroidManifest.xml:14:9-54
38        android:icon="@mipmap/ic_launcher"
38-->src\main\AndroidManifest.xml:15:9-43
39        android:label="@string/app_name"
39-->src\main\AndroidManifest.xml:16:9-41
40        android:networkSecurityConfig="@xml/network_security_config"
40-->src\main\AndroidManifest.xml:20:9-69
41        android:roundIcon="@mipmap/ic_launcher_round"
41-->src\main\AndroidManifest.xml:17:9-54
42        android:supportsRtl="true"
42-->src\main\AndroidManifest.xml:18:9-35
43        android:testOnly="true"
44        android:theme="@style/Theme.MapboxMapApp" >
44-->src\main\AndroidManifest.xml:19:9-50
45        <activity
45-->src\main\AndroidManifest.xml:22:9-32:20
46            android:name="com.example.mapboxmapapp.MainActivity"
46-->src\main\AndroidManifest.xml:23:13-41
47            android:exported="true"
47-->src\main\AndroidManifest.xml:24:13-36
48            android:label="@string/app_name"
48-->src\main\AndroidManifest.xml:25:13-45
49            android:theme="@style/Theme.MapboxMapApp" >
49-->src\main\AndroidManifest.xml:26:13-54
50            <intent-filter>
50-->src\main\AndroidManifest.xml:27:13-31:29
51                <action android:name="android.intent.action.MAIN" />
51-->src\main\AndroidManifest.xml:28:17-69
51-->src\main\AndroidManifest.xml:28:25-66
52
53                <category android:name="android.intent.category.LAUNCHER" />
53-->src\main\AndroidManifest.xml:30:17-77
53-->src\main\AndroidManifest.xml:30:27-74
54            </intent-filter>
55        </activity>
56        <activity
56-->[androidx.compose.ui:ui-tooling-android:1.7.0] AndroidManifest.xml:23:9-25:39
57            android:name="androidx.compose.ui.tooling.PreviewActivity"
57-->[androidx.compose.ui:ui-tooling-android:1.7.0] AndroidManifest.xml:24:13-71
58            android:exported="true" />
58-->[androidx.compose.ui:ui-tooling-android:1.7.0] AndroidManifest.xml:25:13-36
59        <activity
59-->[androidx.compose.ui:ui-test-manifest:1.7.0] AndroidManifest.xml:23:9-25:39
60            android:name="androidx.activity.ComponentActivity"
60-->[androidx.compose.ui:ui-test-manifest:1.7.0] AndroidManifest.xml:24:13-63
61            android:exported="true" />
61-->[androidx.compose.ui:ui-test-manifest:1.7.0] AndroidManifest.xml:25:13-36
62
63        <provider
63-->[com.mapbox.maps:android-core:11.10.3] AndroidManifest.xml:20:9-28:20
64            android:name="androidx.startup.InitializationProvider"
64-->[com.mapbox.maps:android-core:11.10.3] AndroidManifest.xml:21:13-67
65            android:authorities="com.example.mapboxmapapp.androidx-startup"
65-->[com.mapbox.maps:android-core:11.10.3] AndroidManifest.xml:22:13-68
66            android:exported="false" >
66-->[com.mapbox.maps:android-core:11.10.3] AndroidManifest.xml:23:13-37
67            <meta-data
67-->[com.mapbox.maps:android-core:11.10.3] AndroidManifest.xml:25:13-27:52
68                android:name="com.mapbox.maps.loader.MapboxMapsInitializer"
68-->[com.mapbox.maps:android-core:11.10.3] AndroidManifest.xml:26:17-76
69                android:value="androidx.startup" />
69-->[com.mapbox.maps:android-core:11.10.3] AndroidManifest.xml:27:17-49
70            <!-- This entry makes MapboxSDKCommonInitializer discoverable. -->
71            <meta-data
71-->[com.mapbox.common:common:24.10.1] AndroidManifest.xml:19:13-21:52
72                android:name="com.mapbox.common.MapboxSDKCommonInitializer"
72-->[com.mapbox.common:common:24.10.1] AndroidManifest.xml:20:17-76
73                android:value="androidx.startup" />
73-->[com.mapbox.common:common:24.10.1] AndroidManifest.xml:21:17-49
74            <meta-data
74-->[androidx.emoji2:emoji2:1.3.0] AndroidManifest.xml:29:13-31:52
75                android:name="androidx.emoji2.text.EmojiCompatInitializer"
75-->[androidx.emoji2:emoji2:1.3.0] AndroidManifest.xml:30:17-75
76                android:value="androidx.startup" />
76-->[androidx.emoji2:emoji2:1.3.0] AndroidManifest.xml:31:17-49
77            <meta-data
77-->[androidx.lifecycle:lifecycle-process:2.8.3] AndroidManifest.xml:29:13-31:52
78                android:name="androidx.lifecycle.ProcessLifecycleInitializer"
78-->[androidx.lifecycle:lifecycle-process:2.8.3] AndroidManifest.xml:30:17-78
79                android:value="androidx.startup" />
79-->[androidx.lifecycle:lifecycle-process:2.8.3] AndroidManifest.xml:31:17-49
80            <meta-data
80-->[androidx.profileinstaller:profileinstaller:1.3.1] AndroidManifest.xml:29:13-31:52
81                android:name="androidx.profileinstaller.ProfileInstallerInitializer"
81-->[androidx.profileinstaller:profileinstaller:1.3.1] AndroidManifest.xml:30:17-85
82                android:value="androidx.startup" />
82-->[androidx.profileinstaller:profileinstaller:1.3.1] AndroidManifest.xml:31:17-49
83        </provider>
84
85        <receiver
85-->[com.mapbox.common:common:24.10.1] AndroidManifest.xml:24:9-31:20
86            android:name="com.mapbox.common.location.LocationUpdatesReceiver"
86-->[com.mapbox.common:common:24.10.1] AndroidManifest.xml:25:13-78
87            android:enabled="true"
87-->[com.mapbox.common:common:24.10.1] AndroidManifest.xml:26:13-35
88            android:exported="false" >
88-->[com.mapbox.common:common:24.10.1] AndroidManifest.xml:27:13-37
89            <intent-filter>
89-->[com.mapbox.common:common:24.10.1] AndroidManifest.xml:28:13-30:29
90                <action android:name="com.mapbox.common.location.LocationUpdatesReceiver.ACTION_PROCESS_LOCATION_UPDATES" />
90-->[com.mapbox.common:common:24.10.1] AndroidManifest.xml:29:17-125
90-->[com.mapbox.common:common:24.10.1] AndroidManifest.xml:29:25-122
91            </intent-filter>
92        </receiver>
93
94        <service
94-->[com.mapbox.common:common:24.10.1] AndroidManifest.xml:33:9-35:40
95            android:name="com.mapbox.common.LifecycleService"
95-->[com.mapbox.common:common:24.10.1] AndroidManifest.xml:34:13-62
96            android:exported="false" />
96-->[com.mapbox.common:common:24.10.1] AndroidManifest.xml:35:13-37
97
98        <activity
98-->[com.google.android.gms:play-services-base:18.5.0] AndroidManifest.xml:5:9-173
99            android:name="com.google.android.gms.common.api.GoogleApiActivity"
99-->[com.google.android.gms:play-services-base:18.5.0] AndroidManifest.xml:5:19-85
100            android:exported="false"
100-->[com.google.android.gms:play-services-base:18.5.0] AndroidManifest.xml:5:146-170
101            android:theme="@android:style/Theme.Translucent.NoTitleBar" />
101-->[com.google.android.gms:play-services-base:18.5.0] AndroidManifest.xml:5:86-145
102
103        <meta-data
103-->[com.google.android.gms:play-services-basement:18.4.0] AndroidManifest.xml:6:9-122
104            android:name="com.google.android.gms.version"
104-->[com.google.android.gms:play-services-basement:18.4.0] AndroidManifest.xml:6:20-65
105            android:value="@integer/google_play_services_version" />
105-->[com.google.android.gms:play-services-basement:18.4.0] AndroidManifest.xml:6:66-119
106
107        <receiver
107-->[androidx.profileinstaller:profileinstaller:1.3.1] AndroidManifest.xml:34:9-52:20
108            android:name="androidx.profileinstaller.ProfileInstallReceiver"
108-->[androidx.profileinstaller:profileinstaller:1.3.1] AndroidManifest.xml:35:13-76
109            android:directBootAware="false"
109-->[androidx.profileinstaller:profileinstaller:1.3.1] AndroidManifest.xml:36:13-44
110            android:enabled="true"
110-->[androidx.profileinstaller:profileinstaller:1.3.1] AndroidManifest.xml:37:13-35
111            android:exported="true"
111-->[androidx.profileinstaller:profileinstaller:1.3.1] AndroidManifest.xml:38:13-36
112            android:permission="android.permission.DUMP" >
112-->[androidx.profileinstaller:profileinstaller:1.3.1] AndroidManifest.xml:39:13-57
113            <intent-filter>
113-->[androidx.profileinstaller:profileinstaller:1.3.1] AndroidManifest.xml:40:13-42:29
114                <action android:name="androidx.profileinstaller.action.INSTALL_PROFILE" />
114-->[androidx.profileinstaller:profileinstaller:1.3.1] AndroidManifest.xml:41:17-91
114-->[androidx.profileinstaller:profileinstaller:1.3.1] AndroidManifest.xml:41:25-88
115            </intent-filter>
116            <intent-filter>
116-->[androidx.profileinstaller:profileinstaller:1.3.1] AndroidManifest.xml:43:13-45:29
117                <action android:name="androidx.profileinstaller.action.SKIP_FILE" />
117-->[androidx.profileinstaller:profileinstaller:1.3.1] AndroidManifest.xml:44:17-85
117-->[androidx.profileinstaller:profileinstaller:1.3.1] AndroidManifest.xml:44:25-82
118            </intent-filter>
119            <intent-filter>
119-->[androidx.profileinstaller:profileinstaller:1.3.1] AndroidManifest.xml:46:13-48:29
120                <action android:name="androidx.profileinstaller.action.SAVE_PROFILE" />
120-->[androidx.profileinstaller:profileinstaller:1.3.1] AndroidManifest.xml:47:17-88
120-->[androidx.profileinstaller:profileinstaller:1.3.1] AndroidManifest.xml:47:25-85
121            </intent-filter>
122            <intent-filter>
122-->[androidx.profileinstaller:profileinstaller:1.3.1] AndroidManifest.xml:49:13-51:29
123                <action android:name="androidx.profileinstaller.action.BENCHMARK_OPERATION" />
123-->[androidx.profileinstaller:profileinstaller:1.3.1] AndroidManifest.xml:50:17-95
123-->[androidx.profileinstaller:profileinstaller:1.3.1] AndroidManifest.xml:50:25-92
124            </intent-filter>
125        </receiver>
126    </application>
127
128</manifest>